#
# A fatal error has been detected by the Java Runtime Environment:
#
#  Internal Error (safepoint.cpp:310), pid=949, tid=13315
#  guarantee(PageArmed == 0) failed: invariant
#
# JRE version: Java(TM) SE Runtime Environment (8.0_51-b16) (build 1.8.0_51-b16)
# Java VM: Java HotSpot(TM) 64-Bit Server VM (25.51-b03 mixed mode bsd-amd64 compressed oops)
# Failed to write core dump. Core dumps have been disabled. To enable core dumping, try "ulimit -c unlimited" before starting Java again
#
# If you would like to submit a bug report, please visit:
#   http://bugreport.java.com/bugreport/crash.jsp
#

---------------  T H R E A D  ---------------

Current thread (0x00007fc863027800):  VMThread [stack: 0x0000700000a35000,0x0000700000b35000] [id=13315]

Stack: [0x0000700000a35000,0x0000700000b35000],  sp=0x0000700000b34910,  free space=1022k
Native frames: (J=compiled Java code, j=interpreted, Vv=VM code, C=native code)
V  [libjvm.dylib+0x58e75a]  VMError::report_and_die()+0x3f8
V  [libjvm.dylib+0x1e0237]  report_vm_error(char const*, int, char const*, char const*)+0x54
V  [libjvm.dylib+0x4c2da4]  SafepointSynchronize::begin()+0x2be
V  [libjvm.dylib+0x5949c7]  VMThread::loop()+0x319
V  [libjvm.dylib+0x5942f5]  VMThread::run()+0x79
V  [libjvm.dylib+0x46e99e]  java_start(Thread*)+0xf6
C  [libsystem_pthread.dylib+0x39b1]  _pthread_body+0x83
C  [libsystem_pthread.dylib+0x392e]  _pthread_body+0x0
C  [libsystem_pthread.dylib+0x1385]  thread_start+0xd

VM_Operation (0x0000700000e3d658): Exit, mode: safepoint, requested by thread 0x00007fc86102a000


---------------  P R O C E S S  ---------------

Java Threads: ( => current thread )
  0x00007fc86102a000 JavaThread "SIGTERM handler" daemon [_thread_blocked, id=15623, stack(0x0000700000d3e000,0x0000700000e3e000)]
  0x00007fc86103c000 JavaThread "Service Thread" daemon [_thread_blocked, id=21251, stack(0x0000700001353000,0x0000700001453000)]
  0x00007fc864808000 JavaThread "C1 CompilerThread3" daemon [_thread_blocked, id=20739, stack(0x0000700001250000,0x0000700001350000)]
  0x00007fc862001000 JavaThread "C2 CompilerThread2" daemon [_thread_blocked, id=20227, stack(0x000070000114d000,0x000070000124d000)]
  0x00007fc861021000 JavaThread "C2 CompilerThread1" daemon [_thread_blocked, id=19715, stack(0x000070000104a000,0x000070000114a000)]
  0x00007fc863039800 JavaThread "C2 CompilerThread0" daemon [_thread_blocked, id=19203, stack(0x0000700000f47000,0x0000700001047000)]
  0x00007fc863032800 JavaThread "Signal Dispatcher" daemon [_thread_in_vm, id=14863, stack(0x0000700000e44000,0x0000700000f44000)]
  0x00007fc861015800 JavaThread "Finalizer" daemon [_thread_blocked, id=14339, stack(0x0000700000c3b000,0x0000700000d3b000)]
  0x00007fc861014800 JavaThread "Reference Handler" daemon [_thread_blocked, id=13827, stack(0x0000700000b38000,0x0000700000c38000)]
  0x00007fc862002800 JavaThread "main" [_thread_in_Java, id=5891, stack(0x000070000011a000,0x000070000021a000)]

Other Threads:
=>0x00007fc863027800 VMThread [stack: 0x0000700000a35000,0x0000700000b35000] [id=13315]

VM state:synchronizing (normal execution)

VM Mutex/Monitor currently owned by a thread:  ([mutex/lock_event])
[0x00007fc860e03b60] Safepoint_lock - owner thread: 0x00007fc863027800
[0x00007fc860e03be0] Threads_lock - owner thread: 0x00007fc863027800

Heap:
 PSYoungGen      total 76288K, used 45938K [0x000000076ab00000, 0x0000000770000000, 0x00000007c0000000)
  eden space 65536K, 70% used [0x000000076ab00000,0x000000076d7dc9b0,0x000000076eb00000)
  from space 10752K, 0% used [0x000000076f580000,0x000000076f580000,0x0000000770000000)
  to   space 10752K, 0% used [0x000000076eb00000,0x000000076eb00000,0x000000076f580000)
 ParOldGen       total 175104K, used 0K [0x00000006c0000000, 0x00000006cab00000, 0x000000076ab00000)
  object space 175104K, 0% used [0x00000006c0000000,0x00000006c0000000,0x00000006cab00000)
 Metaspace       used 2808K, capacity 4494K, committed 4864K, reserved 1056768K
  class space    used 302K, capacity 386K, committed 512K, reserved 1048576K

Card table byte_map: [0x0000000115d29000,0x000000011652a000] byte_map_base: 0x0000000112729000

Marking Bits: (ParMarkBitMap*) 0x00000001062c27a0
 Begin Bits: [0x0000000116a80000, 0x000000011aa80000)
 End Bits:   [0x000000011aa80000, 0x000000011ea80000)

Polling page: 0x00000001048dc000

CodeCache: size=245760Kb used=1189Kb max_used=1201Kb free=244570Kb
 bounds [0x0000000106969000, 0x0000000106bd9000, 0x0000000115969000]
 total_blobs=308 nmethods=64 adapters=158
 compilation: enabled

Compilation events (10 events):
Event: 0.179 Thread 0x00007fc862001000   60 %     4       hw1.AlgPunto2D::iteraCompute @ 5 (62 bytes)
Event: 0.182 Thread 0x00007fc862001000 nmethod 60% 0x0000000106a93c90 code [0x0000000106a93e00, 0x0000000106a940f8]
Event: 0.182 Thread 0x00007fc863039800   61       4       hw1.AlgPunto2D::iteraCompute (62 bytes)
Event: 0.185 Thread 0x00007fc863039800 nmethod 61 0x0000000106a942d0 code [0x0000000106a94420, 0x0000000106a94658]
Event: 348.234 Thread 0x00007fc864808000   62 %     3       hw1.AlgPunto2D::compute @ 10 (27 bytes)
Event: 348.234 Thread 0x00007fc864808000 nmethod 62% 0x0000000106a93650 code [0x0000000106a937e0, 0x0000000106a93b08]
Event: 353.904 Thread 0x00007fc864808000   63       3       hw1.AlgPunto2D::compute (27 bytes)
Event: 353.905 Thread 0x00007fc864808000 nmethod 63 0x0000000106a93090 code [0x0000000106a93220, 0x0000000106a93508]
Event: 588.559 Thread 0x00007fc861021000   64 %     4       hw1.AlgPunto2D::compute @ 10 (27 bytes)
Event: 588.562 Thread 0x00007fc861021000 nmethod 64% 0x0000000106a91450 code [0x0000000106a915c0, 0x0000000106a918f8]

GC Heap History (0 events):
No events

Deoptimization events (2 events):
Event: 0.159 Thread 0x00007fc862002800 Uncommon trap: reason=unstable_if action=reinterpret pc=0x0000000106a8c238 method=tests.PruebasPuntos.cuadratico(I)V @ 68
Event: 0.177 Thread 0x00007fc862002800 Uncommon trap: reason=unstable_if action=reinterpret pc=0x0000000106a887e0 method=hw1.AlgPunto2D.iteraCompute([Lhw1/Punto2D;[II)V @ 58

Internal exceptions (2 events):
Event: 0.033 Thread 0x00007fc862002800 Exception <a 'java/lang/NoSuchMethodError': Method sun.misc.Unsafe.defineClass(Ljava/lang/String;[BII)Ljava/lang/Class; name or signature does not match> (0x000000076ab12778) thrown at [/Users/java_re/workspace/8-2-build-macosx-x86_64/jdk8u51/3951/hotspot
Event: 0.033 Thread 0x00007fc862002800 Exception <a 'java/lang/NoSuchMethodError': Method sun.misc.Unsafe.prefetchRead(Ljava/lang/Object;J)V name or signature does not match> (0x000000076ab12a08) thrown at [/Users/java_re/workspace/8-2-build-macosx-x86_64/jdk8u51/3951/hotspot/src/share/vm/prim

Events (10 events):
Event: 634.824 Thread 0x00007fc862002800 DEOPT PACKING pc=0x0000000106a93a1e sp=0x00007000002197e0
Event: 634.824 Thread 0x00007fc862002800 DEOPT UNPACKING pc=0x00000001069b0633 sp=0x0000700000219530 mode 0
Event: 910.528 loading class sun/misc/Signal$1
Event: 910.528 loading class sun/misc/Signal$1 done
Event: 910.528 Thread 0x00007fc86102a000 Thread added: 0x00007fc86102a000
Event: 910.528 loading class java/lang/Shutdown
Event: 910.528 loading class java/lang/Shutdown done
Event: 910.528 loading class java/lang/Shutdown$Lock
Event: 910.528 loading class java/lang/Shutdown$Lock done
Event: 910.528 Executing VM operation: Exit


Dynamic libraries:
0x0000000008405000 	/System/Library/Frameworks/Cocoa.framework/Versions/A/Cocoa
0x0000000008405000 	/System/Library/Frameworks/Security.framework/Versions/A/Security
0x0000000008405000 	/System/Library/Frameworks/ApplicationServices.framework/Versions/A/ApplicationServices
0x0000000008405000 	/usr/lib/libz.1.dylib
0x0000000008405000 	/usr/lib/libSystem.B.dylib
0x0000000008405000 	/usr/lib/libobjc.A.dylib
0x0000000008405000 	/System/Library/Frameworks/CoreFoundation.framework/Versions/A/CoreFoundation
0x0000000008405000 	/System/Library/Frameworks/Foundation.framework/Versions/C/Foundation
0x0000000008405000 	/System/Library/Frameworks/AppKit.framework/Versions/C/AppKit
0x0000000008405000 	/System/Library/Frameworks/CoreData.framework/Versions/A/CoreData
0x0000000008405000 	/System/Library/PrivateFrameworks/RemoteViewServices.framework/Versions/A/RemoteViewServices
0x0000000008405000 	/System/Library/PrivateFrameworks/UIFoundation.framework/Versions/A/UIFoundation
0x0000000008405000 	/usr/lib/libScreenReader.dylib
0x0000000008405000 	/System/Library/Frameworks/Accelerate.framework/Versions/A/Accelerate
0x0000000008405000 	/System/Library/Frameworks/IOSurface.framework/Versions/A/IOSurface
0x0000000008405000 	/System/Library/Frameworks/AudioToolbox.framework/Versions/A/AudioToolbox
0x0000000008405000 	/System/Library/Frameworks/AudioUnit.framework/Versions/A/AudioUnit
0x0000000008405000 	/System/Library/PrivateFrameworks/DataDetectorsCore.framework/Versions/A/DataDetectorsCore
0x0000000008405000 	/System/Library/PrivateFrameworks/DesktopServicesPriv.framework/Versions/A/DesktopServicesPriv
0x0000000008405000 	/System/Library/Frameworks/Carbon.framework/Versions/A/Frameworks/HIToolbox.framework/Versions/A/HIToolbox
0x0000000008405000 	/System/Library/Frameworks/QuartzCore.framework/Versions/A/QuartzCore
0x0000000008405000 	/System/Library/Frameworks/Carbon.framework/Versions/A/Frameworks/SpeechRecognition.framework/Versions/A/SpeechRecognition
0x0000000008405000 	/usr/lib/libauto.dylib
0x0000000008405000 	/usr/lib/libicucore.A.dylib
0x0000000008405000 	/usr/lib/libxml2.2.dylib
0x0000000008405000 	/System/Library/PrivateFrameworks/CoreUI.framework/Versions/A/CoreUI
0x0000000008405000 	/System/Library/Frameworks/CoreAudio.framework/Versions/A/CoreAudio
0x0000000008405000 	/System/Library/Frameworks/DiskArbitration.framework/Versions/A/DiskArbitration
0x0000000008405000 	/usr/lib/liblangid.dylib
0x0000000008405000 	/System/Library/PrivateFrameworks/MultitouchSupport.framework/Versions/A/MultitouchSupport
0x0000000008405000 	/System/Library/Frameworks/IOKit.framework/Versions/A/IOKit
0x0000000008405000 	/usr/lib/libDiagnosticMessagesClient.dylib
0x0000000008405000 	/System/Library/Frameworks/CoreServices.framework/Versions/A/CoreServices
0x0000000008405000 	/System/Library/PrivateFrameworks/PerformanceAnalysis.framework/Versions/A/PerformanceAnalysis
0x0000000008405000 	/System/Library/PrivateFrameworks/GenerationalStorage.framework/Versions/A/GenerationalStorage
0x0000000008405000 	/System/Library/Frameworks/OpenGL.framework/Versions/A/OpenGL
0x0000000008405000 	/System/Library/PrivateFrameworks/Sharing.framework/Versions/A/Sharing
0x0000000008405000 	/System/Library/Frameworks/CoreGraphics.framework/Versions/A/CoreGraphics
0x0000000008405000 	/System/Library/Frameworks/CoreImage.framework/Versions/A/CoreImage
0x0000000008405000 	/System/Library/Frameworks/CoreText.framework/Versions/A/CoreText
0x0000000008405000 	/System/Library/Frameworks/ImageIO.framework/Versions/A/ImageIO
0x0000000008405000 	/System/Library/PrivateFrameworks/Backup.framework/Versions/A/Backup
0x0000000008405000 	/usr/lib/libextension.dylib
0x0000000008405000 	/usr/lib/libarchive.2.dylib
0x0000000008405000 	/System/Library/Frameworks/CFNetwork.framework/Versions/A/CFNetwork
0x0000000008405000 	/System/Library/Frameworks/SystemConfiguration.framework/Versions/A/SystemConfiguration
0x0000000008405000 	/usr/lib/libCRFSuite.dylib
0x0000000008405000 	/usr/lib/libc++.1.dylib
0x0000000008405000 	/usr/lib/libc++abi.dylib
0x0000000008405000 	/usr/lib/system/libcache.dylib
0x0000000008405000 	/usr/lib/system/libcommonCrypto.dylib
0x0000000008405000 	/usr/lib/system/libcompiler_rt.dylib
0x0000000008405000 	/usr/lib/system/libcopyfile.dylib
0x0000000008405000 	/usr/lib/system/libcorecrypto.dylib
0x0000000008405000 	/usr/lib/system/libdispatch.dylib
0x0000000008405000 	/usr/lib/system/libdyld.dylib
0x0000000008405000 	/usr/lib/system/libkeymgr.dylib
0x0000000008405000 	/usr/lib/system/liblaunch.dylib
0x0000000008405000 	/usr/lib/system/libmacho.dylib
0x0000000008405000 	/usr/lib/system/libquarantine.dylib
0x0000000008405000 	/usr/lib/system/libremovefile.dylib
0x0000000008405000 	/usr/lib/system/libsystem_asl.dylib
0x0000000008405000 	/usr/lib/system/libsystem_blocks.dylib
0x0000000008405000 	/usr/lib/system/libsystem_c.dylib
0x0000000008405000 	/usr/lib/system/libsystem_configuration.dylib
0x0000000008405000 	/usr/lib/system/libsystem_coreservices.dylib
0x0000000008405000 	/usr/lib/system/libsystem_coretls.dylib
0x0000000008405000 	/usr/lib/system/libsystem_dnssd.dylib
0x0000000008405000 	/usr/lib/system/libsystem_info.dylib
0x0000000008405000 	/usr/lib/system/libsystem_kernel.dylib
0x0000000008405000 	/usr/lib/system/libsystem_m.dylib
0x0000000008405000 	/usr/lib/system/libsystem_malloc.dylib
0x0000000008405000 	/usr/lib/system/libsystem_network.dylib
0x0000000008405000 	/usr/lib/system/libsystem_networkextension.dylib
0x0000000008405000 	/usr/lib/system/libsystem_notify.dylib
0x0000000008405000 	/usr/lib/system/libsystem_platform.dylib
0x0000000008405000 	/usr/lib/system/libsystem_pthread.dylib
0x0000000008405000 	/usr/lib/system/libsystem_sandbox.dylib
0x0000000008405000 	/usr/lib/system/libsystem_secinit.dylib
0x0000000008405000 	/usr/lib/system/libsystem_trace.dylib
0x0000000008405000 	/usr/lib/system/libunc.dylib
0x0000000008405000 	/usr/lib/system/libunwind.dylib
0x0000000008405000 	/usr/lib/system/libxpc.dylib
0x0000000008405000 	/usr/lib/libenergytrace.dylib
0x0000000008405000 	/usr/lib/libbsm.0.dylib
0x0000000008405000 	/usr/lib/system/libkxld.dylib
0x0000000008405000 	/usr/lib/libxar.1.dylib
0x0000000008405000 	/usr/lib/libsqlite3.dylib
0x0000000008405000 	/usr/lib/libpam.2.dylib
0x0000000008405000 	/usr/lib/libOpenScriptingUtil.dylib
0x0000000008405000 	/usr/lib/libbz2.1.0.dylib
0x0000000008405000 	/usr/lib/liblzma.5.dylib
0x0000000008405000 	/System/Library/Frameworks/CoreServices.framework/Versions/A/Frameworks/FSEvents.framework/Versions/A/FSEvents
0x0000000008405000 	/System/Library/Frameworks/CoreServices.framework/Versions/A/Frameworks/CarbonCore.framework/Versions/A/CarbonCore
0x0000000008405000 	/System/Library/Frameworks/CoreServices.framework/Versions/A/Frameworks/Metadata.framework/Versions/A/Metadata
0x0000000008405000 	/System/Library/Frameworks/CoreServices.framework/Versions/A/Frameworks/OSServices.framework/Versions/A/OSServices
0x0000000008405000 	/System/Library/Frameworks/CoreServices.framework/Versions/A/Frameworks/SearchKit.framework/Versions/A/SearchKit
0x0000000008405000 	/System/Library/Frameworks/CoreServices.framework/Versions/A/Frameworks/AE.framework/Versions/A/AE
0x0000000008405000 	/System/Library/Frameworks/CoreServices.framework/Versions/A/Frameworks/LaunchServices.framework/Versions/A/LaunchServices
0x0000000008405000 	/System/Library/Frameworks/CoreServices.framework/Versions/A/Frameworks/DictionaryServices.framework/Versions/A/DictionaryServices
0x0000000008405000 	/System/Library/Frameworks/CoreServices.framework/Versions/A/Frameworks/SharedFileList.framework/Versions/A/SharedFileList
0x0000000008405000 	/System/Library/Frameworks/NetFS.framework/Versions/A/NetFS
0x0000000008405000 	/System/Library/PrivateFrameworks/NetAuth.framework/Versions/A/NetAuth
0x0000000008405000 	/System/Library/PrivateFrameworks/login.framework/Versions/A/Frameworks/loginsupport.framework/Versions/A/loginsupport
0x0000000008405000 	/System/Library/PrivateFrameworks/TCC.framework/Versions/A/TCC
0x0000000008405000 	/usr/lib/libmecabra.dylib
0x0000000008405000 	/System/Library/Frameworks/ApplicationServices.framework/Versions/A/Frameworks/ATS.framework/Versions/A/ATS
0x0000000008405000 	/System/Library/Frameworks/ApplicationServices.framework/Versions/A/Frameworks/ColorSync.framework/Versions/A/ColorSync
0x0000000008405000 	/System/Library/Frameworks/ApplicationServices.framework/Versions/A/Frameworks/HIServices.framework/Versions/A/HIServices
0x0000000008405000 	/System/Library/Frameworks/ApplicationServices.framework/Versions/A/Frameworks/LangAnalysis.framework/Versions/A/LangAnalysis
0x0000000008405000 	/System/Library/Frameworks/ApplicationServices.framework/Versions/A/Frameworks/PrintCore.framework/Versions/A/PrintCore
0x0000000008405000 	/System/Library/Frameworks/ApplicationServices.framework/Versions/A/Frameworks/QD.framework/Versions/A/QD
0x0000000008405000 	/System/Library/Frameworks/ApplicationServices.framework/Versions/A/Frameworks/SpeechSynthesis.framework/Versions/A/SpeechSynthesis
0x0000000008405000 	/System/Library/Frameworks/Metal.framework/Versions/A/Metal
0x0000000008405000 	/System/Library/Frameworks/Accelerate.framework/Versions/A/Frameworks/vImage.framework/Versions/A/vImage
0x0000000008405000 	/System/Library/Frameworks/Accelerate.framework/Versions/A/Frameworks/vecLib.framework/Versions/A/vecLib
0x0000000008405000 	/System/Library/Frameworks/Accelerate.framework/Versions/A/Frameworks/vecLib.framework/Versions/A/libvDSP.dylib
0x0000000008405000 	/System/Library/Frameworks/Accelerate.framework/Versions/A/Frameworks/vecLib.framework/Versions/A/libvMisc.dylib
0x0000000008405000 	/System/Library/Frameworks/Accelerate.framework/Versions/A/Frameworks/vecLib.framework/Versions/A/libLAPACK.dylib
0x0000000008405000 	/System/Library/Frameworks/Accelerate.framework/Versions/A/Frameworks/vecLib.framework/Versions/A/libBLAS.dylib
0x0000000008405000 	/System/Library/Frameworks/Accelerate.framework/Versions/A/Frameworks/vecLib.framework/Versions/A/libLinearAlgebra.dylib
0x0000000008405000 	/System/Library/Frameworks/Accelerate.framework/Versions/A/Frameworks/vecLib.framework/Versions/A/libSparseBLAS.dylib
0x0000000008405000 	/System/Library/PrivateFrameworks/GPUCompiler.framework/libmetal_timestamp.dylib
0x0000000008405000 	/System/Library/Frameworks/OpenGL.framework/Versions/A/Libraries/libCoreFSCache.dylib
0x0000000008405000 	/System/Library/PrivateFrameworks/IOAccelerator.framework/Versions/A/IOAccelerator
0x0000000008405000 	/System/Library/Frameworks/ApplicationServices.framework/Versions/A/Frameworks/ATS.framework/Versions/A/Resources/libFontParser.dylib
0x0000000008405000 	/System/Library/Frameworks/ApplicationServices.framework/Versions/A/Frameworks/ATS.framework/Versions/A/Resources/libFontRegistry.dylib
0x0000000008405000 	/System/Library/PrivateFrameworks/AppleVPA.framework/Versions/A/AppleVPA
0x0000000008405000 	/System/Library/PrivateFrameworks/AppleJPEG.framework/Versions/A/AppleJPEG
0x0000000008405000 	/System/Library/Frameworks/ImageIO.framework/Versions/A/Resources/libJPEG.dylib
0x0000000008405000 	/System/Library/Frameworks/ImageIO.framework/Versions/A/Resources/libTIFF.dylib
0x0000000008405000 	/System/Library/Frameworks/ImageIO.framework/Versions/A/Resources/libPng.dylib
0x0000000008405000 	/System/Library/Frameworks/ImageIO.framework/Versions/A/Resources/libGIF.dylib
0x0000000008405000 	/System/Library/Frameworks/ImageIO.framework/Versions/A/Resources/libJP2.dylib
0x0000000008405000 	/System/Library/Frameworks/ImageIO.framework/Versions/A/Resources/libRadiance.dylib
0x0000000008405000 	/System/Library/Frameworks/CoreVideo.framework/Versions/A/CoreVideo
0x0000000008405000 	/System/Library/Frameworks/OpenGL.framework/Versions/A/Libraries/libGLU.dylib
0x0000000008405000 	/System/Library/Frameworks/OpenGL.framework/Versions/A/Libraries/libGFXShared.dylib
0x0000000008405000 	/System/Library/Frameworks/OpenGL.framework/Versions/A/Libraries/libGL.dylib
0x0000000008405000 	/System/Library/Frameworks/OpenGL.framework/Versions/A/Libraries/libGLImage.dylib
0x0000000008405000 	/System/Library/Frameworks/OpenGL.framework/Versions/A/Libraries/libCVMSPluginSupport.dylib
0x0000000008405000 	/System/Library/Frameworks/OpenGL.framework/Versions/A/Libraries/libCoreVMClient.dylib
0x0000000008405000 	/usr/lib/libcups.2.dylib
0x0000000008405000 	/System/Library/Frameworks/Kerberos.framework/Versions/A/Kerberos
0x0000000008405000 	/System/Library/Frameworks/GSS.framework/Versions/A/GSS
0x0000000008405000 	/usr/lib/libresolv.9.dylib
0x0000000008405000 	/usr/lib/libiconv.2.dylib
0x0000000008405000 	/System/Library/PrivateFrameworks/Heimdal.framework/Versions/A/Heimdal
0x0000000008405000 	/usr/lib/libheimdal-asn1.dylib
0x0000000008405000 	/System/Library/Frameworks/OpenDirectory.framework/Versions/A/OpenDirectory
0x0000000008405000 	/System/Library/PrivateFrameworks/CommonAuth.framework/Versions/A/CommonAuth
0x0000000008405000 	/System/Library/Frameworks/OpenDirectory.framework/Versions/A/Frameworks/CFOpenDirectory.framework/Versions/A/CFOpenDirectory
0x0000000008405000 	/System/Library/Frameworks/SecurityFoundation.framework/Versions/A/SecurityFoundation
0x0000000008405000 	/System/Library/PrivateFrameworks/LanguageModeling.framework/Versions/A/LanguageModeling
0x0000000008405000 	/usr/lib/libmarisa.dylib
0x0000000008405000 	/usr/lib/libChineseTokenizer.dylib
0x0000000008405000 	/usr/lib/libcmph.dylib
0x0000000008405000 	/usr/lib/libcompression.dylib
0x0000000008405000 	/System/Library/Frameworks/ServiceManagement.framework/Versions/A/ServiceManagement
0x0000000008405000 	/usr/lib/libxslt.1.dylib
0x0000000008405000 	/System/Library/Frameworks/Carbon.framework/Versions/A/Frameworks/Ink.framework/Versions/A/Ink
0x0000000008405000 	/usr/lib/libFosl_dynamic.dylib
0x0000000008405000 	/System/Library/PrivateFrameworks/FaceCore.framework/Versions/A/FaceCore
0x0000000008405000 	/System/Library/Frameworks/OpenCL.framework/Versions/A/OpenCL
0x0000000008405000 	/System/Library/PrivateFrameworks/CrashReporterSupport.framework/Versions/A/CrashReporterSupport
0x0000000008405000 	/System/Library/PrivateFrameworks/IconServices.framework/Versions/A/IconServices
0x0000000008405000 	/System/Library/PrivateFrameworks/Apple80211.framework/Versions/A/Apple80211
0x0000000008405000 	/System/Library/Frameworks/CoreWLAN.framework/Versions/A/CoreWLAN
0x0000000008405000 	/System/Library/Frameworks/IOBluetooth.framework/Versions/A/IOBluetooth
0x0000000008405000 	/System/Library/PrivateFrameworks/CoreWiFi.framework/Versions/A/CoreWiFi
0x0000000008405000 	/System/Library/Frameworks/CoreBluetooth.framework/Versions/A/CoreBluetooth
0x0000000008405000 	/System/Library/PrivateFrameworks/ChunkingLibrary.framework/Versions/A/ChunkingLibrary
0x0000000008405000 	/System/Library/PrivateFrameworks/DebugSymbols.framework/Versions/A/DebugSymbols
0x0000000008405000 	/System/Library/PrivateFrameworks/CoreSymbolication.framework/Versions/A/CoreSymbolication
0x0000000008405000 	/System/Library/PrivateFrameworks/Symbolication.framework/Versions/A/Symbolication
0x0000000008405000 	/System/Library/PrivateFrameworks/SpeechRecognitionCore.framework/Versions/A/SpeechRecognitionCore
0x0000000105a00000 	/Library/Java/JavaVirtualMachines/jdk1.8.0_51.jdk/Contents/Home/jre/lib/server/libjvm.dylib
0x0000000008405000 	/usr/lib/libstdc++.6.dylib
0x0000000104899000 	/Library/Java/JavaVirtualMachines/jdk1.8.0_51.jdk/Contents/Home/jre/lib/libverify.dylib
0x00000001048a7000 	/Library/Java/JavaVirtualMachines/jdk1.8.0_51.jdk/Contents/Home/jre/lib/libjava.dylib
0x00000001048e6000 	/Library/Java/JavaVirtualMachines/jdk1.8.0_51.jdk/Contents/Home/jre/lib/libzip.dylib
0x00000001049e3000 	/System/Library/Frameworks/JavaVM.framework/Frameworks/JavaRuntimeSupport.framework/JavaRuntimeSupport
0x000000012192c000 	/System/Library/Frameworks/JavaVM.framework/Versions/A/Frameworks/JavaNativeFoundation.framework/Versions/A/JavaNativeFoundation
0x0000000121941000 	/System/Library/Frameworks/JavaVM.framework/Versions/A/JavaVM
0x0000000008405000 	/System/Library/Frameworks/Carbon.framework/Versions/A/Carbon
0x000000012194e000 	/System/Library/PrivateFrameworks/JavaLaunching.framework/Versions/A/JavaLaunching
0x0000000008405000 	/System/Library/Frameworks/Carbon.framework/Versions/A/Frameworks/CommonPanels.framework/Versions/A/CommonPanels
0x0000000008405000 	/System/Library/Frameworks/Carbon.framework/Versions/A/Frameworks/Help.framework/Versions/A/Help
0x0000000008405000 	/System/Library/Frameworks/Carbon.framework/Versions/A/Frameworks/ImageCapture.framework/Versions/A/ImageCapture
0x0000000008405000 	/System/Library/Frameworks/Carbon.framework/Versions/A/Frameworks/OpenScripting.framework/Versions/A/OpenScripting
0x0000000008405000 	/System/Library/Frameworks/Carbon.framework/Versions/A/Frameworks/Print.framework/Versions/A/Print
0x0000000008405000 	/System/Library/Frameworks/Carbon.framework/Versions/A/Frameworks/SecurityHI.framework/Versions/A/SecurityHI

VM Arguments:
jvm_args: -Dfile.encoding=UTF-8 
java_command: tests.PruebasPuntos
java_class_path (initial): /Users/joseba/Documents/workspace/Universidad/bin:/Users/joseba/Documents/Eclipse.app/Contents/Eclipse/plugins/org.junit_4.12.0.v201504281640/junit.jar:/Users/joseba/Documents/Eclipse.app/Contents/Eclipse/plugins/org.hamcrest.core_1.3.0.v201303031735.jar
Launcher Type: SUN_STANDARD

Environment Variables:
PATH=/usr/bin:/bin:/usr/sbin:/sbin
SHELL=/bin/bash
DISPLAY=/private/tmp/com.apple.launchd.rLz9N0aXfX/org.macosforge.xquartz:0

Signal Handlers:
SIGSEGV: [libjvm.dylib+0x58ef35], sa_mask[0]=11111111011111110111111111111111, sa_flags=SA_ONSTACK|SA_RESTART|SA_SIGINFO
SIGBUS: [libjvm.dylib+0x58ef35], sa_mask[0]=11111111011111110111111111111111, sa_flags=SA_RESTART|SA_SIGINFO
SIGFPE: [libjvm.dylib+0x46c028], sa_mask[0]=11111111011111110111111111111111, sa_flags=SA_RESTART|SA_SIGINFO
SIGPIPE: [libjvm.dylib+0x46c028], sa_mask[0]=11111111011111110111111111111111, sa_flags=SA_RESTART|SA_SIGINFO
SIGXFSZ: [libjvm.dylib+0x46c028], sa_mask[0]=11111111011111110111111111111111, sa_flags=SA_RESTART|SA_SIGINFO
SIGILL: [libjvm.dylib+0x46c028], sa_mask[0]=11111111011111110111111111111111, sa_flags=SA_RESTART|SA_SIGINFO
SIGUSR1: SIG_DFL, sa_mask[0]=00000000000000000000000000000000, sa_flags=none
SIGUSR2: [libjvm.dylib+0x46bb46], sa_mask[0]=00100000000000000000000000000000, sa_flags=SA_RESTART|SA_SIGINFO
SIGHUP: [libjvm.dylib+0x46a119], sa_mask[0]=11111111011111110111111111111111, sa_flags=SA_RESTART|SA_SIGINFO
SIGINT: [libjvm.dylib+0x46a119], sa_mask[0]=11111111011111110111111111111111, sa_flags=SA_RESTART|SA_SIGINFO
SIGTERM: [libjvm.dylib+0x46a119], sa_mask[0]=11111111011111110111111111111111, sa_flags=SA_RESTART|SA_SIGINFO
SIGQUIT: [libjvm.dylib+0x46a119], sa_mask[0]=11111111011111110111111111111111, sa_flags=SA_RESTART|SA_SIGINFO


---------------  S Y S T E M  ---------------

OS:Bsduname:Darwin 15.0.0 Darwin Kernel Version 15.0.0: Wed Aug 26 16:57:32 PDT 2015; root:xnu-3247.1.106~1/RELEASE_X86_64 x86_64
rlimit: STACK 8192k, CORE 0k, NPROC 709, NOFILE 10240, AS infinity
load average:3.33 2.89 2.31

CPU:total 8 (4 cores per cpu, 2 threads per core) family 6 model 70 stepping 1, cmov, cx8, fxsr, mmx, sse, sse2, sse3, ssse3, sse4.1, sse4.2, popcnt, avx, avx2, aes, clmul, erms, lzcnt, ht, tsc, tscinvbit, bmi1, bmi2

Memory: 4k page, physical 16777216k(652576k free)

/proc/meminfo:


vm_info: Java HotSpot(TM) 64-Bit Server VM (25.51-b03) for bsd-amd64 JRE (1.8.0_51-b16), built on Jun  8 2015 18:01:11 by "java_re" with gcc 4.2.1 (Based on Apple Inc. build 5658) (LLVM build 2336.11.00)

time: Fri Oct 23 09:55:07 2015
elapsed time: 1328 seconds (0d 0h 22m 8s)

