#
# A fatal error has been detected by the Java Runtime Environment:
#
#  SIGSEGV (0xb) at pc=0x0000000105032c30, pid=539, tid=18691
#
# JRE version: Java(TM) SE Runtime Environment (8.0_51-b16) (build 1.8.0_51-b16)
# Java VM: Java HotSpot(TM) 64-Bit Server VM (25.51-b03 mixed mode bsd-amd64 compressed oops)
# Problematic frame:
# V  [libjvm.dylib+0x432c30]  Method::checked_resolve_jmethod_id(_jmethodID*)+0xe
#
# Failed to write core dump. Core dumps have been disabled. To enable core dumping, try "ulimit -c unlimited" before starting Java again
#
# If you would like to submit a bug report, please visit:
#   http://bugreport.java.com/bugreport/crash.jsp
#

---------------  T H R E A D  ---------------

Current thread (0x00007f8d5203f000):  JavaThread "JDWP Transport Listener: dt_socket" daemon [_thread_in_vm, id=18691, stack(0x000000012319f000,0x000000012329f000)]

siginfo: si_signo: 11 (SIGSEGV), si_code: 0 (unknown), si_addr: 0x0000000000000000

Registers:
RAX=0x0000000000000001, RBX=0x000000012329ea8b, RCX=0x00000001053fa190, RDX=0x000000012329ea8b
RSP=0x000000012329e9d0, RBP=0x000000012329e9e0, RSI=0x00007f8d5203f000, RDI=0x3000000000000002
R8 =0x0000000000000000, R9 =0x00007f8d50f00000, R10=0x0000000000000010, R11=0x00007f8d50f00000
R12=0x00007f8d5203f000, R13=0x3000000000000002, R14=0x3000000000000002, R15=0x00007f8d50f025e0
RIP=0x0000000105032c30, EFLAGS=0x0000000000010202, ERR=0x0000000000000000
  TRAPNO=0x000000000000000d

Top of Stack: (sp=0x000000012329e9d0)
0x000000012329e9d0:   000000012329ea8b 000000012329ea8b
0x000000012329e9e0:   000000012329ea40 0000000104f42f8e
0x000000012329e9f0:   00007f8d5203f000 0000000000000000
0x000000012329ea00:   0000000000000000 0000000000000000
0x000000012329ea10:   00007f8d5203f000 00007f8d5203f000
0x000000012329ea20:   000000012329ea8b 000000012329ea90
0x000000012329ea30:   3000000000000002 0000000000000006
0x000000012329ea40:   000000012329ea60 0000000105b89780
0x000000012329ea50:   0000000000000001 000000012329eb08
0x000000012329ea60:   000000012329ead0 0000000105b6e1f3
0x000000012329ea70:   000000012329eaa0 00007f8d50f224f0
0x000000012329ea80:   0000000700000032 000000090029eb08
0x000000012329ea90:   0000000000000000 0000000000000000
0x000000012329eaa0:   0000000000000000 000000012329ec90
0x000000012329eab0:   0000000105b90e7a 00007f8d50f22490
0x000000012329eac0:   000000012329eb08 0000000105b9c598
0x000000012329ead0:   000000012329eae0 0000000105b6e2ec
0x000000012329eae0:   000000012329ed00 0000000105b77898
0x000000012329eaf0:   00001a6100000013 00000000000f0200
0x000000012329eb00:   00007f8d50f13210 000000012329ec4e
0x000000012329eb10:   00007f8d00000036 000000012329eb20
0x000000012329eb20:   00007f8d000000f6 000000012329eb58
0x000000012329eb30:   0000000000000000 00007f0000000000
0x000000012329eb40:   00001a610000001c 00007fff0000ff80
0x000000012329eb50:   000000012329eb58 8d7f000007000000
0x000000012329eb60:   0e000000e823f250 7261747265736e69
0x000000012329eb70:   0000726566667542 562949495b280600
0x000000012329eb80:   0a00000000000000 d823f2508d7f0000
0x000000012329eb90:   7165726605000000 495b280900000073
0x000000012329eba0:   00004929495b495b 0000090000000000
0x000000012329ebb0:   0000d023f2508d7f 7261637375620600
0x000000012329ebc0:   5b49492808000000 0000000049294949 

Instructions: (pc=0x0000000105032c30)
0x0000000105032c10:   40 48 48 85 c0 75 e0 30 c0 0f b6 c0 5d c3 31 c0
0x0000000105032c20:   5d c3 55 48 89 e5 53 48 83 ec 08 48 85 ff 74 24
0x0000000105032c30:   48 8b 1f 48 85 db 74 1c 48 83 fb 37 74 16 48 8b
0x0000000105032c40:   03 48 89 df ff 50 10 84 c0 b8 00 00 00 00 48 0f 

Register to memory mapping:

RAX=0x0000000000000001 is an unknown value
RBX=0x000000012329ea8b is pointing into the stack for thread: 0x00007f8d5203f000
RCX=0x00000001053fa190: UseMembar+0 in /Library/Java/JavaVirtualMachines/jdk1.8.0_51.jdk/Contents/Home/jre/lib/server/libjvm.dylib at 0x0000000104c00000
RDX=0x000000012329ea8b is pointing into the stack for thread: 0x00007f8d5203f000
RSP=0x000000012329e9d0 is pointing into the stack for thread: 0x00007f8d5203f000
RBP=0x000000012329e9e0 is pointing into the stack for thread: 0x00007f8d5203f000
RSI=0x00007f8d5203f000 is a thread
RDI=0x3000000000000002 is an unknown value
R8 =0x0000000000000000 is an unknown value
R9 =0x00007f8d50f00000 is an unknown value
R10=0x0000000000000010 is an unknown value
R11=0x00007f8d50f00000 is an unknown value
R12=0x00007f8d5203f000 is a thread
R13=0x3000000000000002 is an unknown value
R14=0x3000000000000002 is an unknown value
R15=0x00007f8d50f025e0 is an unknown value


Stack: [0x000000012319f000,0x000000012329f000],  sp=0x000000012329e9d0,  free space=1022k
Native frames: (J=compiled Java code, j=interpreted, Vv=VM code, C=native code)
V  [libjvm.dylib+0x432c30]  Method::checked_resolve_jmethod_id(_jmethodID*)+0xe
V  [libjvm.dylib+0x342f8e]  jvmti_IsMethodSynthetic+0xb2
C  [libjdwp.dylib+0x20780]  isMethodSynthetic+0x63
C  [libjdwp.dylib+0x51f3]  methods1+0x10b
C  [libjdwp.dylib+0x52ec]  methodsWithGeneric+0xe
C  [libjdwp.dylib+0xe898]  debugLoop_run+0x1ce
C  [libjdwp.dylib+0x1f6ba]  attachThread+0x4d
V  [libjvm.dylib+0x383f3c]  JvmtiAgentThread::call_start_function()+0x38
V  [libjvm.dylib+0x549a6f]  JavaThread::thread_main_inner()+0x9b
V  [libjvm.dylib+0x54b160]  JavaThread::run()+0x1c2
V  [libjvm.dylib+0x46e99e]  java_start(Thread*)+0xf6
C  [libsystem_pthread.dylib+0x3268]  _pthread_body+0x83
C  [libsystem_pthread.dylib+0x31e5]  _pthread_body+0x0
C  [libsystem_pthread.dylib+0x141d]  thread_start+0xd
C  0x0000000000000000


---------------  P R O C E S S  ---------------

Java Threads: ( => current thread )
  0x00007f8d52040800 JavaThread "Service Thread" daemon [_thread_blocked, id=22275, stack(0x00000001238b4000,0x00000001239b4000)]
  0x00007f8d51006000 JavaThread "C1 CompilerThread3" daemon [_thread_blocked, id=21763, stack(0x00000001237b1000,0x00000001238b1000)]
  0x00007f8d5380b800 JavaThread "C2 CompilerThread2" daemon [_thread_blocked, id=21251, stack(0x00000001236ae000,0x00000001237ae000)]
  0x00007f8d5380a800 JavaThread "C2 CompilerThread1" daemon [_thread_blocked, id=20739, stack(0x00000001235ab000,0x00000001236ab000)]
  0x00007f8d5380a000 JavaThread "C2 CompilerThread0" daemon [_thread_blocked, id=20227, stack(0x00000001234a8000,0x00000001235a8000)]
  0x00007f8d54000000 JavaThread "JDWP Command Reader" daemon [_thread_in_native, id=19715, stack(0x00000001233a5000,0x00000001234a5000)]
  0x00007f8d52040000 JavaThread "JDWP Event Helper Thread" daemon [_thread_blocked, id=19203, stack(0x00000001232a2000,0x00000001233a2000)]
=>0x00007f8d5203f000 JavaThread "JDWP Transport Listener: dt_socket" daemon [_thread_in_vm, id=18691, stack(0x000000012319f000,0x000000012329f000)]
  0x00007f8d53802000 JavaThread "Signal Dispatcher" daemon [_thread_blocked, id=14615, stack(0x0000000123095000,0x0000000123195000)]
  0x00007f8d5202c000 JavaThread "Finalizer" daemon [_thread_blocked, id=13571, stack(0x0000000121689000,0x0000000121789000)]
  0x00007f8d5202b800 JavaThread "Reference Handler" daemon [_thread_blocked, id=13059, stack(0x0000000121586000,0x0000000121686000)]
  0x00007f8d52008000 JavaThread "main" [_thread_blocked, id=4867, stack(0x0000000103a8f000,0x0000000103b8f000)]

Other Threads:
  0x00007f8d53003000 VMThread [stack: 0x0000000121483000,0x0000000121583000] [id=12547]
  0x00007f8d5204e000 WatcherThread [stack: 0x00000001239b7000,0x0000000123ab7000] [id=22787]

VM state:not at safepoint (normal execution)

VM Mutex/Monitor currently owned by a thread: None

Heap:
 PSYoungGen      total 76288K, used 5243K [0x000000076ab00000, 0x0000000770000000, 0x00000007c0000000)
  eden space 65536K, 8% used [0x000000076ab00000,0x000000076b01ec70,0x000000076eb00000)
  from space 10752K, 0% used [0x000000076f580000,0x000000076f580000,0x0000000770000000)
  to   space 10752K, 0% used [0x000000076eb00000,0x000000076eb00000,0x000000076f580000)
 ParOldGen       total 175104K, used 0K [0x00000006c0000000, 0x00000006cab00000, 0x000000076ab00000)
  object space 175104K, 0% used [0x00000006c0000000,0x00000006c0000000,0x00000006cab00000)
 Metaspace       used 2790K, capacity 4490K, committed 4864K, reserved 1056768K
  class space    used 298K, capacity 386K, committed 512K, reserved 1048576K

Card table byte_map: [0x0000000114f74000,0x0000000115775000] byte_map_base: 0x0000000111974000

Marking Bits: (ParMarkBitMap*) 0x00000001054c27a0
 Begin Bits: [0x00000001164e3000, 0x000000011a4e3000)
 End Bits:   [0x000000011a4e3000, 0x000000011e4e3000)

Polling page: 0x0000000103bd4000

CodeCache: size=245760Kb used=1129Kb max_used=1129Kb free=244630Kb
 bounds [0x0000000105bb4000, 0x0000000105e24000, 0x0000000114bb4000]
 total_blobs=265 nmethods=32 adapters=155
 compilation: enabled

Compilation events (10 events):
Event: 0.119 Thread 0x00007f8d51006000   28       3       sun.util.calendar.ZoneInfoFile$Checksum::update (39 bytes)
Event: 0.119 Thread 0x00007f8d51006000 nmethod 28 0x0000000105ccc790 code [0x0000000105ccc900, 0x0000000105cccc10]
Event: 0.121 Thread 0x00007f8d51006000   29       1       java.lang.Object::<init> (1 bytes)
Event: 0.121 Thread 0x00007f8d51006000 nmethod 29 0x0000000105ccd110 code [0x0000000105ccd260, 0x0000000105ccd370]
Event: 0.123 Thread 0x00007f8d51006000   30       3       java.util.HashMap::newNode (13 bytes)
Event: 0.123 Thread 0x00007f8d51006000 nmethod 30 0x0000000105ccd3d0 code [0x0000000105ccd540, 0x0000000105ccd7f0]
Event: 0.123 Thread 0x00007f8d51006000   31       3       java.util.HashMap::afterNodeInsertion (1 bytes)
Event: 0.123 Thread 0x00007f8d51006000 nmethod 31 0x0000000105ccd950 code [0x0000000105ccdaa0, 0x0000000105ccdbf0]
Event: 0.124 Thread 0x00007f8d51006000   32       1       java.lang.ThreadLocal::access$400 (5 bytes)
Event: 0.124 Thread 0x00007f8d51006000 nmethod 32 0x0000000105ccdc50 code [0x0000000105ccdda0, 0x0000000105ccde90]

GC Heap History (0 events):
No events

Deoptimization events (0 events):
No events

Internal exceptions (2 events):
Event: 0.033 Thread 0x00007f8d52008000 Exception <a 'java/lang/NoSuchMethodError': Method sun.misc.Unsafe.defineClass(Ljava/lang/String;[BII)Ljava/lang/Class; name or signature does not match> (0x000000076ab12db0) thrown at [/Users/java_re/workspace/8-2-build-macosx-x86_64/jdk8u51/3951/hotspot
Event: 0.034 Thread 0x00007f8d52008000 Exception <a 'java/lang/NoSuchMethodError': Method sun.misc.Unsafe.prefetchRead(Ljava/lang/Object;J)V name or signature does not match> (0x000000076ab13040) thrown at [/Users/java_re/workspace/8-2-build-macosx-x86_64/jdk8u51/3951/hotspot/src/share/vm/prim

Events (10 events):
Event: 617.594 Executing VM operation: GetCurrentLocation
Event: 617.594 Executing VM operation: GetCurrentLocation done
Event: 617.594 Executing VM operation: EnterInterpOnlyMode
Event: 617.594 Executing VM operation: EnterInterpOnlyMode done
Event: 617.594 Executing VM operation: ChangeSingleStep
Event: 617.594 Executing VM operation: ChangeSingleStep done
Event: 617.594 Executing VM operation: ChangeSingleStep
Event: 617.594 Executing VM operation: ChangeSingleStep done
Event: 617.596 Executing VM operation: RedefineClasses
Event: 617.596 Executing VM operation: RedefineClasses done


Dynamic libraries:
0x0000000001bb8000 	/System/Library/Frameworks/Cocoa.framework/Versions/A/Cocoa
0x0000000001bb8000 	/System/Library/Frameworks/Security.framework/Versions/A/Security
0x0000000001bb8000 	/System/Library/Frameworks/ApplicationServices.framework/Versions/A/ApplicationServices
0x0000000001bb8000 	/usr/lib/libz.1.dylib
0x0000000001bb8000 	/usr/lib/libSystem.B.dylib
0x0000000001bb8000 	/usr/lib/libobjc.A.dylib
0x0000000001bb8000 	/System/Library/Frameworks/CoreFoundation.framework/Versions/A/CoreFoundation
0x0000000001bb8000 	/System/Library/Frameworks/Foundation.framework/Versions/C/Foundation
0x0000000001bb8000 	/System/Library/Frameworks/AppKit.framework/Versions/C/AppKit
0x0000000001bb8000 	/System/Library/Frameworks/CoreData.framework/Versions/A/CoreData
0x0000000001bb8000 	/System/Library/PrivateFrameworks/RemoteViewServices.framework/Versions/A/RemoteViewServices
0x0000000001bb8000 	/System/Library/PrivateFrameworks/UIFoundation.framework/Versions/A/UIFoundation
0x0000000001bb8000 	/System/Library/Frameworks/IOSurface.framework/Versions/A/IOSurface
0x0000000001bb8000 	/System/Library/Frameworks/AudioToolbox.framework/Versions/A/AudioToolbox
0x0000000001bb8000 	/System/Library/Frameworks/AudioUnit.framework/Versions/A/AudioUnit
0x0000000001bb8000 	/System/Library/PrivateFrameworks/DataDetectorsCore.framework/Versions/A/DataDetectorsCore
0x0000000001bb8000 	/System/Library/PrivateFrameworks/DesktopServicesPriv.framework/Versions/A/DesktopServicesPriv
0x0000000001bb8000 	/System/Library/Frameworks/Carbon.framework/Versions/A/Frameworks/HIToolbox.framework/Versions/A/HIToolbox
0x0000000001bb8000 	/System/Library/Frameworks/QuartzCore.framework/Versions/A/QuartzCore
0x0000000001bb8000 	/System/Library/Frameworks/Carbon.framework/Versions/A/Frameworks/SpeechRecognition.framework/Versions/A/SpeechRecognition
0x0000000001bb8000 	/usr/lib/libauto.dylib
0x0000000001bb8000 	/usr/lib/libicucore.A.dylib
0x0000000001bb8000 	/usr/lib/libxml2.2.dylib
0x0000000001bb8000 	/System/Library/PrivateFrameworks/CoreUI.framework/Versions/A/CoreUI
0x0000000001bb8000 	/System/Library/Frameworks/CoreAudio.framework/Versions/A/CoreAudio
0x0000000001bb8000 	/System/Library/Frameworks/DiskArbitration.framework/Versions/A/DiskArbitration
0x0000000001bb8000 	/usr/lib/liblangid.dylib
0x0000000001bb8000 	/System/Library/PrivateFrameworks/MultitouchSupport.framework/Versions/A/MultitouchSupport
0x0000000001bb8000 	/System/Library/Frameworks/IOKit.framework/Versions/A/IOKit
0x0000000001bb8000 	/usr/lib/libDiagnosticMessagesClient.dylib
0x0000000001bb8000 	/System/Library/Frameworks/CoreServices.framework/Versions/A/CoreServices
0x0000000001bb8000 	/System/Library/PrivateFrameworks/PerformanceAnalysis.framework/Versions/A/PerformanceAnalysis
0x0000000001bb8000 	/System/Library/PrivateFrameworks/GenerationalStorage.framework/Versions/A/GenerationalStorage
0x0000000001bb8000 	/System/Library/Frameworks/OpenGL.framework/Versions/A/OpenGL
0x0000000001bb8000 	/System/Library/PrivateFrameworks/Sharing.framework/Versions/A/Sharing
0x0000000001bb8000 	/System/Library/Frameworks/CoreGraphics.framework/Versions/A/CoreGraphics
0x0000000001bb8000 	/System/Library/Frameworks/CoreText.framework/Versions/A/CoreText
0x0000000001bb8000 	/System/Library/Frameworks/ImageIO.framework/Versions/A/ImageIO
0x0000000001bb8000 	/usr/lib/libextension.dylib
0x0000000001bb8000 	/System/Library/PrivateFrameworks/Backup.framework/Versions/A/Backup
0x0000000001bb8000 	/usr/lib/libarchive.2.dylib
0x0000000001bb8000 	/System/Library/Frameworks/CFNetwork.framework/Versions/A/CFNetwork
0x0000000001bb8000 	/System/Library/Frameworks/SystemConfiguration.framework/Versions/A/SystemConfiguration
0x0000000001bb8000 	/usr/lib/libCRFSuite.dylib
0x0000000001bb8000 	/usr/lib/libc++.1.dylib
0x0000000001bb8000 	/usr/lib/libc++abi.dylib
0x0000000001bb8000 	/usr/lib/system/libcache.dylib
0x0000000001bb8000 	/usr/lib/system/libcommonCrypto.dylib
0x0000000001bb8000 	/usr/lib/system/libcompiler_rt.dylib
0x0000000001bb8000 	/usr/lib/system/libcopyfile.dylib
0x0000000001bb8000 	/usr/lib/system/libcorecrypto.dylib
0x0000000001bb8000 	/usr/lib/system/libdispatch.dylib
0x0000000001bb8000 	/usr/lib/system/libdyld.dylib
0x0000000001bb8000 	/usr/lib/system/libkeymgr.dylib
0x0000000001bb8000 	/usr/lib/system/liblaunch.dylib
0x0000000001bb8000 	/usr/lib/system/libmacho.dylib
0x0000000001bb8000 	/usr/lib/system/libquarantine.dylib
0x0000000001bb8000 	/usr/lib/system/libremovefile.dylib
0x0000000001bb8000 	/usr/lib/system/libsystem_asl.dylib
0x0000000001bb8000 	/usr/lib/system/libsystem_blocks.dylib
0x0000000001bb8000 	/usr/lib/system/libsystem_c.dylib
0x0000000001bb8000 	/usr/lib/system/libsystem_configuration.dylib
0x0000000001bb8000 	/usr/lib/system/libsystem_coreservices.dylib
0x0000000001bb8000 	/usr/lib/system/libsystem_coretls.dylib
0x0000000001bb8000 	/usr/lib/system/libsystem_dnssd.dylib
0x0000000001bb8000 	/usr/lib/system/libsystem_info.dylib
0x0000000001bb8000 	/usr/lib/system/libsystem_kernel.dylib
0x0000000001bb8000 	/usr/lib/system/libsystem_m.dylib
0x0000000001bb8000 	/usr/lib/system/libsystem_malloc.dylib
0x0000000001bb8000 	/usr/lib/system/libsystem_network.dylib
0x0000000001bb8000 	/usr/lib/system/libsystem_networkextension.dylib
0x0000000001bb8000 	/usr/lib/system/libsystem_notify.dylib
0x0000000001bb8000 	/usr/lib/system/libsystem_platform.dylib
0x0000000001bb8000 	/usr/lib/system/libsystem_pthread.dylib
0x0000000001bb8000 	/usr/lib/system/libsystem_sandbox.dylib
0x0000000001bb8000 	/usr/lib/system/libsystem_secinit.dylib
0x0000000001bb8000 	/usr/lib/system/libsystem_stats.dylib
0x0000000001bb8000 	/usr/lib/system/libsystem_trace.dylib
0x0000000001bb8000 	/usr/lib/system/libunc.dylib
0x0000000001bb8000 	/usr/lib/system/libunwind.dylib
0x0000000001bb8000 	/usr/lib/system/libxpc.dylib
0x0000000001bb8000 	/usr/lib/libbz2.1.0.dylib
0x0000000001bb8000 	/usr/lib/liblzma.5.dylib
0x0000000001bb8000 	/usr/lib/libbsm.0.dylib
0x0000000001bb8000 	/usr/lib/libsqlite3.dylib
0x0000000001bb8000 	/usr/lib/system/libkxld.dylib
0x0000000001bb8000 	/usr/lib/libxar.1.dylib
0x0000000001bb8000 	/usr/lib/libpam.2.dylib
0x0000000001bb8000 	/usr/lib/libOpenScriptingUtil.dylib
0x0000000001bb8000 	/System/Library/Frameworks/CoreServices.framework/Versions/A/Frameworks/FSEvents.framework/Versions/A/FSEvents
0x0000000001bb8000 	/System/Library/Frameworks/CoreServices.framework/Versions/A/Frameworks/CarbonCore.framework/Versions/A/CarbonCore
0x0000000001bb8000 	/System/Library/Frameworks/CoreServices.framework/Versions/A/Frameworks/Metadata.framework/Versions/A/Metadata
0x0000000001bb8000 	/System/Library/Frameworks/CoreServices.framework/Versions/A/Frameworks/OSServices.framework/Versions/A/OSServices
0x0000000001bb8000 	/System/Library/Frameworks/CoreServices.framework/Versions/A/Frameworks/SearchKit.framework/Versions/A/SearchKit
0x0000000001bb8000 	/System/Library/Frameworks/CoreServices.framework/Versions/A/Frameworks/AE.framework/Versions/A/AE
0x0000000001bb8000 	/System/Library/Frameworks/CoreServices.framework/Versions/A/Frameworks/LaunchServices.framework/Versions/A/LaunchServices
0x0000000001bb8000 	/System/Library/Frameworks/CoreServices.framework/Versions/A/Frameworks/DictionaryServices.framework/Versions/A/DictionaryServices
0x0000000001bb8000 	/System/Library/Frameworks/NetFS.framework/Versions/A/NetFS
0x0000000001bb8000 	/System/Library/PrivateFrameworks/NetAuth.framework/Versions/A/NetAuth
0x0000000001bb8000 	/System/Library/PrivateFrameworks/login.framework/Versions/A/Frameworks/loginsupport.framework/Versions/A/loginsupport
0x0000000001bb8000 	/System/Library/PrivateFrameworks/TCC.framework/Versions/A/TCC
0x0000000001bb8000 	/usr/lib/libmecabra.dylib
0x0000000001bb8000 	/System/Library/Frameworks/ApplicationServices.framework/Versions/A/Frameworks/ATS.framework/Versions/A/ATS
0x0000000001bb8000 	/System/Library/Frameworks/ApplicationServices.framework/Versions/A/Frameworks/ColorSync.framework/Versions/A/ColorSync
0x0000000001bb8000 	/System/Library/Frameworks/ApplicationServices.framework/Versions/A/Frameworks/HIServices.framework/Versions/A/HIServices
0x0000000001bb8000 	/System/Library/Frameworks/ApplicationServices.framework/Versions/A/Frameworks/LangAnalysis.framework/Versions/A/LangAnalysis
0x0000000001bb8000 	/System/Library/Frameworks/ApplicationServices.framework/Versions/A/Frameworks/PrintCore.framework/Versions/A/PrintCore
0x0000000001bb8000 	/System/Library/Frameworks/ApplicationServices.framework/Versions/A/Frameworks/QD.framework/Versions/A/QD
0x0000000001bb8000 	/System/Library/Frameworks/ApplicationServices.framework/Versions/A/Frameworks/SpeechSynthesis.framework/Versions/A/SpeechSynthesis
0x0000000001bb8000 	/System/Library/Frameworks/Accelerate.framework/Versions/A/Accelerate
0x0000000001bb8000 	/System/Library/Frameworks/Accelerate.framework/Versions/A/Frameworks/vImage.framework/Versions/A/vImage
0x0000000001bb8000 	/System/Library/Frameworks/Accelerate.framework/Versions/A/Frameworks/vecLib.framework/Versions/A/vecLib
0x0000000001bb8000 	/System/Library/Frameworks/Accelerate.framework/Versions/A/Frameworks/vecLib.framework/Versions/A/libvDSP.dylib
0x0000000001bb8000 	/System/Library/Frameworks/Accelerate.framework/Versions/A/Frameworks/vecLib.framework/Versions/A/libvMisc.dylib
0x0000000001bb8000 	/System/Library/Frameworks/Accelerate.framework/Versions/A/Frameworks/vecLib.framework/Versions/A/libLAPACK.dylib
0x0000000001bb8000 	/System/Library/Frameworks/Accelerate.framework/Versions/A/Frameworks/vecLib.framework/Versions/A/libBLAS.dylib
0x0000000001bb8000 	/System/Library/Frameworks/Accelerate.framework/Versions/A/Frameworks/vecLib.framework/Versions/A/libLinearAlgebra.dylib
0x0000000001bb8000 	/System/Library/Frameworks/ApplicationServices.framework/Versions/A/Frameworks/ATS.framework/Versions/A/Resources/libFontParser.dylib
0x0000000001bb8000 	/System/Library/Frameworks/ApplicationServices.framework/Versions/A/Frameworks/ATS.framework/Versions/A/Resources/libFontRegistry.dylib
0x0000000001bb8000 	/System/Library/PrivateFrameworks/AppleVPA.framework/Versions/A/AppleVPA
0x0000000001bb8000 	/System/Library/PrivateFrameworks/AppleJPEG.framework/Versions/A/AppleJPEG
0x0000000001bb8000 	/System/Library/Frameworks/ImageIO.framework/Versions/A/Resources/libJPEG.dylib
0x0000000001bb8000 	/System/Library/Frameworks/ImageIO.framework/Versions/A/Resources/libTIFF.dylib
0x0000000001bb8000 	/System/Library/Frameworks/ImageIO.framework/Versions/A/Resources/libPng.dylib
0x0000000001bb8000 	/System/Library/Frameworks/ImageIO.framework/Versions/A/Resources/libGIF.dylib
0x0000000001bb8000 	/System/Library/Frameworks/ImageIO.framework/Versions/A/Resources/libJP2.dylib
0x0000000001bb8000 	/System/Library/Frameworks/ImageIO.framework/Versions/A/Resources/libRadiance.dylib
0x0000000001bb8000 	/System/Library/Frameworks/CoreVideo.framework/Versions/A/CoreVideo
0x0000000001bb8000 	/System/Library/Frameworks/OpenGL.framework/Versions/A/Libraries/libGLU.dylib
0x0000000001bb8000 	/System/Library/Frameworks/OpenGL.framework/Versions/A/Libraries/libGFXShared.dylib
0x0000000001bb8000 	/System/Library/Frameworks/OpenGL.framework/Versions/A/Libraries/libGL.dylib
0x0000000001bb8000 	/System/Library/Frameworks/OpenGL.framework/Versions/A/Libraries/libGLImage.dylib
0x0000000001bb8000 	/System/Library/Frameworks/OpenGL.framework/Versions/A/Libraries/libCVMSPluginSupport.dylib
0x0000000001bb8000 	/System/Library/Frameworks/OpenGL.framework/Versions/A/Libraries/libCoreVMClient.dylib
0x0000000001bb8000 	/usr/lib/libcups.2.dylib
0x0000000001bb8000 	/System/Library/Frameworks/Kerberos.framework/Versions/A/Kerberos
0x0000000001bb8000 	/System/Library/Frameworks/GSS.framework/Versions/A/GSS
0x0000000001bb8000 	/usr/lib/libresolv.9.dylib
0x0000000001bb8000 	/usr/lib/libiconv.2.dylib
0x0000000001bb8000 	/System/Library/PrivateFrameworks/Heimdal.framework/Versions/A/Heimdal
0x0000000001bb8000 	/usr/lib/libheimdal-asn1.dylib
0x0000000001bb8000 	/System/Library/Frameworks/OpenDirectory.framework/Versions/A/OpenDirectory
0x0000000001bb8000 	/System/Library/PrivateFrameworks/CommonAuth.framework/Versions/A/CommonAuth
0x0000000001bb8000 	/System/Library/Frameworks/OpenDirectory.framework/Versions/A/Frameworks/CFOpenDirectory.framework/Versions/A/CFOpenDirectory
0x0000000001bb8000 	/System/Library/Frameworks/SecurityFoundation.framework/Versions/A/SecurityFoundation
0x0000000001bb8000 	/System/Library/PrivateFrameworks/LanguageModeling.framework/Versions/A/LanguageModeling
0x0000000001bb8000 	/usr/lib/libcmph.dylib
0x0000000001bb8000 	/System/Library/Frameworks/ServiceManagement.framework/Versions/A/ServiceManagement
0x0000000001bb8000 	/usr/lib/libxslt.1.dylib
0x0000000001bb8000 	/System/Library/Frameworks/Carbon.framework/Versions/A/Frameworks/Ink.framework/Versions/A/Ink
0x0000000001bb8000 	/System/Library/Frameworks/QuartzCore.framework/Versions/A/Frameworks/CoreImage.framework/Versions/A/CoreImage
0x0000000001bb8000 	/System/Library/PrivateFrameworks/CrashReporterSupport.framework/Versions/A/CrashReporterSupport
0x0000000001bb8000 	/System/Library/Frameworks/OpenCL.framework/Versions/A/OpenCL
0x0000000001bb8000 	/System/Library/PrivateFrameworks/FaceCore.framework/Versions/A/FaceCore
0x0000000001bb8000 	/System/Library/PrivateFrameworks/Ubiquity.framework/Versions/A/Ubiquity
0x0000000001bb8000 	/System/Library/PrivateFrameworks/IconServices.framework/Versions/A/IconServices
0x0000000001bb8000 	/System/Library/PrivateFrameworks/ChunkingLibrary.framework/Versions/A/ChunkingLibrary
0x0000000001bb8000 	/System/Library/PrivateFrameworks/Apple80211.framework/Versions/A/Apple80211
0x0000000001bb8000 	/System/Library/Frameworks/CoreWLAN.framework/Versions/A/CoreWLAN
0x0000000001bb8000 	/System/Library/Frameworks/IOBluetooth.framework/Versions/A/IOBluetooth
0x0000000001bb8000 	/System/Library/PrivateFrameworks/CoreWiFi.framework/Versions/A/CoreWiFi
0x0000000001bb8000 	/System/Library/Frameworks/CoreBluetooth.framework/Versions/A/CoreBluetooth
0x0000000001bb8000 	/System/Library/PrivateFrameworks/DebugSymbols.framework/Versions/A/DebugSymbols
0x0000000001bb8000 	/System/Library/PrivateFrameworks/CoreSymbolication.framework/Versions/A/CoreSymbolication
0x0000000001bb8000 	/System/Library/PrivateFrameworks/Symbolication.framework/Versions/A/Symbolication
0x0000000001bb8000 	/System/Library/PrivateFrameworks/SpeechRecognitionCore.framework/Versions/A/SpeechRecognitionCore
0x0000000104c00000 	/Library/Java/JavaVirtualMachines/jdk1.8.0_51.jdk/Contents/Home/jre/lib/server/libjvm.dylib
0x0000000001bb8000 	/usr/lib/libstdc++.6.dylib
0x0000000103b91000 	/Library/Java/JavaVirtualMachines/jdk1.8.0_51.jdk/Contents/Home/jre/lib/libverify.dylib
0x0000000103b9f000 	/Library/Java/JavaVirtualMachines/jdk1.8.0_51.jdk/Contents/Home/jre/lib/libjava.dylib
0x0000000105b69000 	/Library/Java/JavaVirtualMachines/jdk1.8.0_51.jdk/Contents/Home/jre/lib/libjdwp.dylib
0x0000000103bd5000 	/Library/Java/JavaVirtualMachines/jdk1.8.0_51.jdk/Contents/Home/jre/lib/libnpt.dylib
0x0000000103be2000 	/Library/Java/JavaVirtualMachines/jdk1.8.0_51.jdk/Contents/Home/jre/lib/libzip.dylib
0x000000012178b000 	/System/Library/Frameworks/JavaVM.framework/Frameworks/JavaRuntimeSupport.framework/JavaRuntimeSupport
0x0000000103bec000 	/System/Library/Frameworks/JavaVM.framework/Versions/A/Frameworks/JavaNativeFoundation.framework/Versions/A/JavaNativeFoundation
0x00000001217a1000 	/System/Library/Frameworks/JavaVM.framework/Versions/A/JavaVM
0x0000000001bb8000 	/System/Library/Frameworks/Carbon.framework/Versions/A/Carbon
0x00000001217ad000 	/System/Library/PrivateFrameworks/JavaLaunching.framework/Versions/A/JavaLaunching
0x0000000001bb8000 	/System/Library/Frameworks/Carbon.framework/Versions/A/Frameworks/CommonPanels.framework/Versions/A/CommonPanels
0x0000000001bb8000 	/System/Library/Frameworks/Carbon.framework/Versions/A/Frameworks/Help.framework/Versions/A/Help
0x0000000001bb8000 	/System/Library/Frameworks/Carbon.framework/Versions/A/Frameworks/ImageCapture.framework/Versions/A/ImageCapture
0x0000000001bb8000 	/System/Library/Frameworks/Carbon.framework/Versions/A/Frameworks/OpenScripting.framework/Versions/A/OpenScripting
0x0000000001bb8000 	/System/Library/Frameworks/Carbon.framework/Versions/A/Frameworks/Print.framework/Versions/A/Print
0x0000000001bb8000 	/System/Library/Frameworks/Carbon.framework/Versions/A/Frameworks/SecurityHI.framework/Versions/A/SecurityHI
0x0000000123197000 	/Library/Java/JavaVirtualMachines/jdk1.8.0_51.jdk/Contents/Home/jre/lib/libdt_socket.dylib

VM Arguments:
jvm_args: -agentlib:jdwp=transport=dt_socket,suspend=y,address=localhost:50592 -Dfile.encoding=UTF-8 
java_command: EDA.HW00_0
java_class_path (initial): /Users/joseba/Documents/workspace/Universidad/bin
Launcher Type: SUN_STANDARD

Environment Variables:
PATH=/usr/bin:/bin:/usr/sbin:/sbin
SHELL=/bin/bash

Signal Handlers:
SIGSEGV: [libjvm.dylib+0x58ef35], sa_mask[0]=11111111011111110111111111111111, sa_flags=SA_ONSTACK|SA_RESTART|SA_SIGINFO
SIGBUS: [libjvm.dylib+0x58ef35], sa_mask[0]=11111111011111110111111111111111, sa_flags=SA_RESTART|SA_SIGINFO
SIGFPE: [libjvm.dylib+0x46c028], sa_mask[0]=11111111011111110111111111111111, sa_flags=SA_RESTART|SA_SIGINFO
SIGPIPE: [libjvm.dylib+0x46c028], sa_mask[0]=11111111011111110111111111111111, sa_flags=SA_RESTART|SA_SIGINFO
SIGXFSZ: [libjvm.dylib+0x46c028], sa_mask[0]=11111111011111110111111111111111, sa_flags=SA_RESTART|SA_SIGINFO
SIGILL: [libjvm.dylib+0x46c028], sa_mask[0]=11111111011111110111111111111111, sa_flags=SA_RESTART|SA_SIGINFO
SIGUSR1: SIG_DFL, sa_mask[0]=00000000000000000000000000000000, sa_flags=none
SIGUSR2: [libjvm.dylib+0x46bb46], sa_mask[0]=00100000000000000000000000000000, sa_flags=SA_RESTART|SA_SIGINFO
SIGHUP: [libjvm.dylib+0x46a119], sa_mask[0]=11111111011111110111111111111111, sa_flags=SA_RESTART|SA_SIGINFO
SIGINT: [libjvm.dylib+0x46a119], sa_mask[0]=11111111011111110111111111111111, sa_flags=SA_RESTART|SA_SIGINFO
SIGTERM: [libjvm.dylib+0x46a119], sa_mask[0]=11111111011111110111111111111111, sa_flags=SA_RESTART|SA_SIGINFO
SIGQUIT: [libjvm.dylib+0x46a119], sa_mask[0]=11111111011111110111111111111111, sa_flags=SA_RESTART|SA_SIGINFO


---------------  S Y S T E M  ---------------

OS:Bsduname:Darwin 14.4.0 Darwin Kernel Version 14.4.0: Thu May 28 11:35:04 PDT 2015; root:xnu-2782.30.5~1/RELEASE_X86_64 x86_64
rlimit: STACK 8192k, CORE 0k, NPROC 709, NOFILE 10240, AS infinity
load average:1.35 1.37 1.34

CPU:total 8 (4 cores per cpu, 2 threads per core) family 6 model 70 stepping 1, cmov, cx8, fxsr, mmx, sse, sse2, sse3, ssse3, sse4.1, sse4.2, popcnt, avx, avx2, aes, clmul, erms, lzcnt, ht, tsc, tscinvbit, bmi1, bmi2

Memory: 4k page, physical 16777216k(2429044k free)

/proc/meminfo:


vm_info: Java HotSpot(TM) 64-Bit Server VM (25.51-b03) for bsd-amd64 JRE (1.8.0_51-b16), built on Jun  8 2015 18:01:11 by "java_re" with gcc 4.2.1 (Based on Apple Inc. build 5658) (LLVM build 2336.11.00)

time: Mon Sep  7 15:43:40 2015
elapsed time: 617 seconds (0d 0h 10m 17s)

